----------------------------------------------------------
Date: 6/15/2011 10:11:23 AM
Source: FTPAutoFilePost
Message: No Plan ID Supplied.
Stack Trace:    at FTPAutoFilePost.Program.Main(String[] args) in E:\CSharp\v2.0\FTPAutoFilePost\FTPAutoFilePost\Program.cs:line 40

----------------------------------------------------------
Date: 6/15/2011 10:17:25 AM
Source: FTPAutoFilePost
Message: No Plan ID Supplied.
Stack Trace:    at FTPAutoFilePost.Program.Main(String[] args) in E:\CSharp\v2.0\FTPAutoFilePost\FTPAutoFilePost\Program.cs:line 40

----------------------------------------------------------
Date: 6/15/2011 10:18:46 AM
Source: FTPAutoFilePost
Message: No Plan ID Supplied.
Stack Trace:    at FTPAutoFilePost.Program.Main(String[] args) in E:\CSharp\v2.0\FTPAutoFilePost\FTPAutoFilePost\Program.cs:line 40

----------------------------------------------------------
Date: 6/15/2011 10:32:39 AM
Source: FTPAutoFilePost
Message: No Plan ID Supplied.
Stack Trace:    at FTPAutoFilePost.Program.Main(String[] args) in E:\CSharp\v2.0\FTPAutoFilePost\FTPAutoFilePost\Program.cs:line 40

----------------------------------------------------------
Date: 6/15/2011 10:34:17 AM
Source: FTPAutoFilePost
Message: The directory 'E:\FTP\OMV\Outbound\' does not exist.
Stack Trace:    at FTPAutoFilePost.Program.Main(String[] args) in E:\CSharp\v2.0\FTPAutoFilePost\FTPAutoFilePost\Program.cs:line 25

